2024-12-09 15:00:51,928 INFO o.a.j.u.JMeterUtils: Setting Locale to en_EN
2024-12-09 15:00:51,950 INFO o.a.j.JMeter: Loading user properties from: user.properties
2024-12-09 15:00:51,952 INFO o.a.j.JMeter: Loading system properties from: system.properties
2024-12-09 15:00:51,965 INFO o.a.j.JMeter: Copyright (c) 1998-2023 The Apache Software Foundation
2024-12-09 15:00:51,965 INFO o.a.j.JMeter: Version 5.6
2024-12-09 15:00:51,965 INFO o.a.j.JMeter: java.version=1.8.0_331
2024-12-09 15:00:51,965 INFO o.a.j.JMeter: java.vm.name=Java HotSpot(TM) 64-Bit Server VM
2024-12-09 15:00:51,965 INFO o.a.j.JMeter: os.name=Windows 10
2024-12-09 15:00:51,965 INFO o.a.j.JMeter: os.arch=amd64
2024-12-09 15:00:51,965 INFO o.a.j.JMeter: os.version=10.0
2024-12-09 15:00:51,965 INFO o.a.j.JMeter: file.encoding=Cp1252
2024-12-09 15:00:51,966 INFO o.a.j.JMeter: java.awt.headless=null
2024-12-09 15:00:51,966 INFO o.a.j.JMeter: Max memory     =1073741824
2024-12-09 15:00:51,966 INFO o.a.j.JMeter: Available Processors =12
2024-12-09 15:00:51,974 INFO o.a.j.JMeter: Default Locale=English (EN)
2024-12-09 15:00:51,974 INFO o.a.j.JMeter: JMeter  Locale=English (EN)
2024-12-09 15:00:51,974 INFO o.a.j.JMeter: JMeterHome=C:\Users\mponnusamy\Downloads\apache-jmeter-5.6\apache-jmeter-5.6
2024-12-09 15:00:51,974 INFO o.a.j.JMeter: user.dir  =C:\Users\mponnusamy\Downloads\apache-jmeter-5.6\apache-jmeter-5.6\bin
2024-12-09 15:00:51,975 INFO o.a.j.JMeter: PWD       =C:\Users\mponnusamy\Downloads\apache-jmeter-5.6\apache-jmeter-5.6\bin
2024-12-09 15:00:56,521 INFO o.a.j.JMeter: IP: 192.168.29.118 Name: CNIL-5CG2521MXP FullName: CNIL-5CG2521MXP.scientificgames.com
2024-12-09 15:00:56,545 INFO o.a.j.JMeter: Loaded icon properties from org/apache/jmeter/images/icon.properties
2024-12-09 15:00:56,797 INFO o.a.j.JMeterGuiLauncher: Setting LAF to: laf:com.sun.java.swing.plaf.windows.WindowsClassicLookAndFeel
2024-12-09 15:01:21,750 INFO o.a.j.s.FileServer: Default base='C:\Users\mponnusamy\Downloads\apache-jmeter-5.6\apache-jmeter-5.6\bin'
2024-12-09 15:01:21,755 INFO o.a.j.g.a.Load: Loading file: \\blr-file01\FrameworkRelease\Others\PerformanceTool-R&D\Apache JMeter\Samples\Platform API test\Platform APITest Plan-CSV.jmx
2024-12-09 15:01:21,755 INFO o.a.j.s.FileServer: Set new base='\\blr-file01\FrameworkRelease\Others\PerformanceTool-R&D\Apache JMeter\Samples\Platform API test'
2024-12-09 15:01:22,013 INFO o.a.j.s.SaveService: Testplan (JMX) version: 2.2. Testlog (JTL) version: 2.2
2024-12-09 15:01:22,036 INFO o.a.j.s.SaveService: Using SaveService properties file encoding UTF-8
2024-12-09 15:01:22,038 INFO o.a.j.s.SaveService: Using SaveService properties version 5.0
2024-12-09 15:01:22,041 INFO o.a.j.s.SaveService: Loading file: \\blr-file01\FrameworkRelease\Others\PerformanceTool-R&D\Apache JMeter\Samples\Platform API test\Platform APITest Plan-CSV.jmx
2024-12-09 15:01:22,154 INFO o.a.j.p.h.s.HTTPSamplerBase: Parser for text/html is org.apache.jmeter.protocol.http.parser.LagartoBasedHtmlParser
2024-12-09 15:01:22,154 INFO o.a.j.p.h.s.HTTPSamplerBase: Parser for application/xhtml+xml is org.apache.jmeter.protocol.http.parser.LagartoBasedHtmlParser
2024-12-09 15:01:22,154 INFO o.a.j.p.h.s.HTTPSamplerBase: Parser for application/xml is org.apache.jmeter.protocol.http.parser.LagartoBasedHtmlParser
2024-12-09 15:01:22,155 INFO o.a.j.p.h.s.HTTPSamplerBase: Parser for text/xml is org.apache.jmeter.protocol.http.parser.LagartoBasedHtmlParser
2024-12-09 15:01:22,155 INFO o.a.j.p.h.s.HTTPSamplerBase: Parser for text/vnd.wap.wml is org.apache.jmeter.protocol.http.parser.RegexpHTMLParser
2024-12-09 15:01:22,155 INFO o.a.j.p.h.s.HTTPSamplerBase: Parser for text/css is org.apache.jmeter.protocol.http.parser.CssParser
2024-12-09 15:01:22,352 INFO o.a.j.s.SampleResult: Note: Sample TimeStamps are START times
2024-12-09 15:01:22,352 INFO o.a.j.s.SampleResult: sampleresult.default.encoding is set to ISO-8859-1
2024-12-09 15:01:22,352 INFO o.a.j.s.SampleResult: sampleresult.useNanoTime=true
2024-12-09 15:01:22,353 INFO o.a.j.s.SampleResult: sampleresult.nanoThreadSleep=5000
2024-12-09 15:01:22,977 INFO o.a.j.s.FileServer: Set new base='\\blr-file01\FrameworkRelease\Others\PerformanceTool-R&D\Apache JMeter\Samples\Platform API test'
